<?xml version="1.0" encoding="UTF-8"?>
<testng-results skipped="0" failed="0" total="8" passed="8">
  <reporter-output>
  </reporter-output>
  <suite name="Default suite" duration-ms="436531" started-at="2018-09-06T03:00:09Z" finished-at="2018-09-06T03:07:26Z">
    <groups>
    </groups>
    <test name="Default test" duration-ms="436531" started-at="2018-09-06T03:00:09Z" finished-at="2018-09-06T03:07:26Z">
      <class name="pkgtestmethods.TestCase1">
        <test-method status="PASS" signature="TestReadProperties()[pri:0, instance:pkgtestmethods.TestCase1@9629756]" name="TestReadProperties" is-config="true" duration-ms="16" started-at="2018-09-06T08:30:09Z" finished-at="2018-09-06T08:30:09Z">
          <reporter-output>
          </reporter-output>
        </test-method> <!-- TestReadProperties -->
        <test-method status="PASS" signature="TestReadNavigationMatrix()[pri:0, instance:pkgtestmethods.TestCase1@9629756]" name="TestReadNavigationMatrix" duration-ms="10454" started-at="2018-09-06T08:30:09Z" finished-at="2018-09-06T08:30:20Z">
          <reporter-output>
          </reporter-output>
        </test-method> <!-- TestReadNavigationMatrix -->
        <test-method status="PASS" signature="Test1(java.util.List)[pri:0, instance:pkgtestmethods.TestCase1@9629756]" name="Test1" duration-ms="66989" started-at="2018-09-06T08:30:21Z" data-provider="data" finished-at="2018-09-06T08:31:28Z">
          <params>
            <param index="0">
              <value>
                <![CDATA[[New In~http://www.missselfridge.com/en/msuk/category/new-in-299046/view-all-299058]]]>
              </value>
            </param>
          </params>
          <reporter-output>
          </reporter-output>
        </test-method> <!-- Test1 -->
        <test-method status="PASS" signature="Test2(java.util.List)[pri:0, instance:pkgtestmethods.TestCase1@9629756]" name="Test2" duration-ms="165697" started-at="2018-09-06T08:31:29Z" data-provider="data1" finished-at="2018-09-06T08:34:15Z">
          <params>
            <param index="0">
              <value>
                <![CDATA[[http://www.missselfridge.com/en/msuk/product/new-in-299046/view-all-299058/checked-tab-sleeve-blazer-7988369~New In, http://www.missselfridge.com/en/msuk/product/new-in-299046/view-all-299058/black-jacquard-co-ord-7988002?bundle=true~New In, http://www.missselfridge.com/en/msuk/product/new-in-299046/view-all-299058/grey-side-stripe-funnel-neck-ribbed-knitted-top-7985439~New In, http://www.missselfridge.com/en/msuk/product/new-in-299046/view-all-299058/tassel-bar-camisole-top-7985378~New In, http://www.missselfridge.com/en/msuk/product/new-in-299046/view-all-299058/black-lurex-floral-bow-neck-jumpsuit-7985712~New In, http://www.missselfridge.com/en/msuk/product/new-in-299046/view-all-299058/floral-strappy-jumpsuit-7876849~New In, http://www.missselfridge.com/en/msuk/product/new-in-299046/view-all-299058/fringe-bra-top-7986776~New In, http://www.missselfridge.com/en/msuk/product/new-in-299046/view-all-299058/button-pencil-skirt-7968548~New In, http://www.missselfridge.com/en/msuk/product/new-in-299046/view-all-299058/leopard-print-kick-flare-trousers-7986165~New In, http://www.missselfridge.com/en/msuk/product/new-in-299046/view-all-299058/green-zip-funnel-neck-knitted-bodycon-dress-7985608~New In, http://www.missselfridge.com/en/msuk/product/new-in-299046/view-all-299058/khaki-faux-fur-trim-puffer-jacket-7986214~New In]]]>
              </value>
            </param>
          </params>
          <reporter-output>
          </reporter-output>
        </test-method> <!-- Test2 -->
        <test-method status="PASS" signature="Test2(java.util.List)[pri:0, instance:pkgtestmethods.TestCase1@9629756]" name="Test2" duration-ms="350430" started-at="2018-09-06T08:31:29Z" data-provider="data1" finished-at="2018-09-06T08:37:19Z">
          <params>
            <param index="0">
              <value>
                <![CDATA[[http://www.missselfridge.com/en/msuk/product/new-in-299046/view-all-299058/petite-lizzie-high-waist-skinny-fit-blue-jeans-7986789~New In, http://www.missselfridge.com/en/msuk/product/new-in-299046/view-all-299058/lizzie-high-waist-skinny-fit-mid-wash-mousse-jeans-7986125~New In, http://www.missselfridge.com/en/msuk/product/new-in-299046/view-all-299058/texas-embellished-skater-trainers-7985413~New In, http://www.missselfridge.com/en/msuk/product/new-in-299046/view-all-299058/green-winter-ponte-blazer-7934843~New In, http://www.missselfridge.com/en/msuk/product/new-in-299046/view-all-299058/black-winter-ponte-blazer-7975350~New In, http://www.missselfridge.com/en/msuk/product/new-in-299046/view-all-299058/alyssa-patent-zip-ankle-boots-7977322~New In, http://www.missselfridge.com/en/msuk/product/new-in-299046/view-all-299058/aleka-knit-point-stiletto-boots-7977305~New In, http://www.missselfridge.com/en/msuk/product/new-in-299046/view-all-299058/aleka-knit-point-stiletto-boots-7977335~New In, http://www.missselfridge.com/en/msuk/product/new-in-299046/view-all-299058/alyssa-patent-zip-ankle-boots-7977264~New In, http://www.missselfridge.com/en/msuk/product/new-in-299046/view-all-299058/rust-button-pencil-skirt-7986162~New In, http://www.missselfridge.com/en/msuk/product/new-in-299046/view-all-299058/colour-block-striped-ribbed-top-7895199~New In]]]>
              </value>
            </param>
          </params>
          <reporter-output>
          </reporter-output>
        </test-method> <!-- Test2 -->
        <test-method status="PASS" signature="Test2(java.util.List)[pri:0, instance:pkgtestmethods.TestCase1@9629756]" name="Test2" duration-ms="222124" started-at="2018-09-06T08:31:29Z" data-provider="data1" finished-at="2018-09-06T08:35:11Z">
          <params>
            <param index="0">
              <value>
                <![CDATA[[http://www.missselfridge.com/en/msuk/product/new-in-299046/view-all-299058/petite-black-floral-shirred-skater-dress-7985450~New In, http://www.missselfridge.com/en/msuk/product/new-in-299046/view-all-299058/blue-oversized-brushed-scarf-7985680~New In, http://www.missselfridge.com/en/msuk/product/new-in-299046/view-all-299058/black-zip-funnel-neck-rib-knitted-top-7986069~New In, http://www.missselfridge.com/en/msuk/product/new-in-299046/view-all-299058/burgundy-tab-sleeve-blazer-7827370~New In, http://www.missselfridge.com/en/msuk/product/new-in-299046/view-all-299058/green-zip-funnel-neck-rib-knitted-top-7985336~New In, http://www.missselfridge.com/en/msuk/product/new-in-299046/view-all-299058/ochre-faux-fur-trim-puffer-coat-7985595~New In, http://www.missselfridge.com/en/msuk/product/new-in-299046/view-all-299058/long-sleeve-button-through-scoop-neck-top-7985460~New In, http://www.missselfridge.com/en/msuk/product/new-in-299046/view-all-299058/long-sleeve-scoop-neck-body-7938853~New In, http://www.missselfridge.com/en/msuk/product/new-in-299046/view-all-299058/texas-embellished-skater-trainers-7985394~New In, http://www.missselfridge.com/en/msuk/product/new-in-299046/view-all-299058/green-oversized-brushed-scarf-7985697~New In, http://www.missselfridge.com/en/msuk/product/new-in-299046/view-all-299058/ochre-oversized-brushed-scarf-7985702~New In]]]>
              </value>
            </param>
          </params>
          <reporter-output>
          </reporter-output>
        </test-method> <!-- Test2 -->
        <test-method status="PASS" signature="Test2(java.util.List)[pri:0, instance:pkgtestmethods.TestCase1@9629756]" name="Test2" duration-ms="231005" started-at="2018-09-06T08:31:29Z" data-provider="data1" finished-at="2018-09-06T08:35:20Z">
          <params>
            <param index="0">
              <value>
                <![CDATA[[http://www.missselfridge.com/en/msuk/product/new-in-299046/view-all-299058/black-v-neck-side-stripe-ribbed-knitted-dress-7985795~New In, http://www.missselfridge.com/en/msuk/product/new-in-299046/view-all-299058/ponte-button-detail-blazer-7934830~New In, http://www.missselfridge.com/en/msuk/product/new-in-299046/view-all-299058/burgundy-v-neck-ribbed-knitted-dress-7986649~New In, http://www.missselfridge.com/en/msuk/product/new-in-299046/view-all-299058/black-lace-victoriana-blouse-7985570~New In, http://www.missselfridge.com/en/msuk/product/new-in-299046/view-all-299058/blush-faux-fur-trim-puffer-jacket-7986087~New In, http://www.missselfridge.com/en/msuk/product/new-in-299046/view-all-299058/lizzie-high-waist-skinny-fit-dark-blue-jeans-7986185~New In, http://www.missselfridge.com/en/msuk/product/new-in-299046/view-all-299058/leopard-print-bra-top-7986716~New In, http://www.missselfridge.com/en/msuk/product/new-in-299046/view-all-299058/red-peplum-ribbed-knitted-top-7984783~New In, http://www.missselfridge.com/en/msuk/product/new-in-299046/view-all-299058/lizzie-high-waist-skinny-fit-light-blue-jeans-7986108~New In, http://www.missselfridge.com/en/msuk/product/new-in-299046/view-all-299058/ochre-winter-ponte-jacket-7985455~New In, http://www.missselfridge.com/en/msuk/product/new-in-299046/view-all-299058/audrey-hiker-boots-7985618~New In]]]>
              </value>
            </param>
          </params>
          <reporter-output>
          </reporter-output>
        </test-method> <!-- Test2 -->
        <test-method status="PASS" signature="Test2(java.util.List)[pri:0, instance:pkgtestmethods.TestCase1@9629756]" name="Test2" duration-ms="143769" started-at="2018-09-06T08:31:29Z" data-provider="data1" finished-at="2018-09-06T08:33:53Z">
          <params>
            <param index="0">
              <value>
                <![CDATA[[http://www.missselfridge.com/en/msuk/product/new-in-299046/view-all-299058/pink-checked-knitted-jumper-7972585~New In, http://www.missselfridge.com/en/msuk/product/new-in-299046/view-all-299058/magic-body-solutions-celebrities-breast-tape-7974634~New In, http://www.missselfridge.com/en/msuk/product/new-in-299046/view-all-299058/weekend-glitter-t-shirt-7902068~New In, http://www.missselfridge.com/en/msuk/product/new-in-299046/view-all-299058/petite-steffi-black-super-high-waisted-jeans-7973237~New In, http://www.missselfridge.com/en/msuk/product/new-in-299046/view-all-299058/lizzie-high-waist-super-skinny-fit-corset-button-through-jeans-7973971~New In, http://www.missselfridge.com/en/msuk/product/new-in-299046/view-all-299058/check-pinafore-jumpsuit-7973585~New In, http://www.missselfridge.com/en/msuk/product/new-in-299046/view-all-299058/lizzie-high-waist-super-skinny-fit-blue-jeans-7981163~New In, http://www.missselfridge.com/en/msuk/product/new-in-299046/view-all-299058/camel-faux-fur-fit-and-flare-coat-7971086~New In, http://www.missselfridge.com/en/msuk/product/new-in-299046/view-all-299058/animal-print-soft-touch-knitted-cardigan-7979818~New In]]]>
              </value>
            </param>
          </params>
          <reporter-output>
          </reporter-output>
        </test-method> <!-- Test2 -->
        <test-method status="PASS" signature="testWriteData()[pri:0, instance:pkgtestmethods.TestCase1@9629756]" name="testWriteData" duration-ms="3938" started-at="2018-09-06T08:37:21Z" finished-at="2018-09-06T08:37:25Z">
          <reporter-output>
          </reporter-output>
        </test-method> <!-- testWriteData -->
      </class> <!-- pkgtestmethods.TestCase1 -->
    </test> <!-- Default test -->
  </suite> <!-- Default suite -->
</testng-results>
